[    0.000000] Linux version 4.15.0-212-generic (buildd@lcy02-amd64-083) (gcc version 7.5.0 (Ubuntu 7.5.0-3ubuntu1~18.04)) #223-Ubuntu SMP Tue May 23 13:09:22 UTC 2023 (Ubuntu 4.15.0-212.223-generic 4.15.18)
[    0.000000] Command line: BOOT_IMAGE=/boot/vmlinuz-4.15.0-212-generic root=LABEL=cloudimg-rootfs ro console=tty1 console=ttyS0
[    0.000000] KERNEL supported cpus:
[    0.000000]   Intel GenuineIntel
[    0.000000]   AMD AuthenticAMD
[    0.000000]   Centaur CentaurHauls
[    0.000000] x86/fpu: Supporting XSAVE feature 0x001: 'x87 floating point registers'
[    0.000000] x86/fpu: Supporting XSAVE feature 0x002: 'SSE registers'
[    0.000000] x86/fpu: Supporting XSAVE feature 0x004: 'AVX registers'
[    0.000000] x86/fpu: xstate_offset[2]:  576, xstate_sizes[2]:  256
[    0.000000] x86/fpu: Enabled xstate features 0x7, context size is 832 bytes, using 'standard' format.
[    0.000000] e820: BIOS-provided physical RAM map:
[    0.000000] BIOS-e820: [mem 0x0000000000000000-0x000000000009fbff] usable
[    0.000000] BIOS-e820: [mem 0x000000000009fc00-0x000000000009ffff] reserved
[    0.000000] BIOS-e820: [mem 0x00000000000f0000-0x00000000000fffff] reserved
[    0.000000] BIOS-e820: [mem 0x0000000000100000-0x000000003ffeffff] usable
[    0.000000] BIOS-e820: [mem 0x000000003fff0000-0x000000003fffffff] ACPI data
[    0.000000] BIOS-e820: [mem 0x00000000fec00000-0x00000000fec00fff] reserved
[    0.000000] BIOS-e820: [mem 0x00000000fee00000-0x00000000fee00fff] reserved
[    0.000000] BIOS-e820: [mem 0x00000000fffc0000-0x00000000ffffffff] reserved
[    0.000000] NX (Execute Disable) protection: active
[    0.000000] SMBIOS 2.5 present.
[    0.000000] DMI: innotek GmbH VirtualBox/VirtualBox, BIOS VirtualBox 12/01/2006
[    0.000000] Hypervisor detected: KVM
[    0.000000] e820: last_pfn = 0x3fff0 max_arch_pfn = 0x400000000
[    0.000000] x86/PAT: Configuration [0-7]: WB  WC  UC- UC  WB  WP  UC- WT  
[    0.000000] CPU MTRRs all blank - virtualized system.
[    0.000000] found SMP MP-table at [mem 0x0009fbf0-0x0009fbff]
[    0.000000] Scanning 1 areas for low memory corruption
[    0.000000] RAMDISK: [mem 0x359cb000-0x36cdcfff]
[    0.000000] ACPI: Early table checksum verification disabled
[    0.000000] ACPI: RSDP 0x00000000000E0000 000024 (v02 VBOX  )
[    0.000000] ACPI: XSDT 0x000000003FFF0030 00003C (v01 VBOX   VBOXXSDT 00000001 ASL  00000061)
[    0.000000] ACPI: FACP 0x000000003FFF00F0 0000F4 (v04 VBOX   VBOXFACP 00000001 ASL  00000061)
[    0.000000] ACPI: DSDT 0x000000003FFF02F0 002353 (v02 VBOX   VBOXBIOS 00000002 VBOX 000299F4)
[    0.000000] ACPI: FACS 0x000000003FFF0200 000040
[    0.000000] ACPI: FACS 0x000000003FFF0200 000040
[    0.000000] ACPI: APIC 0x000000003FFF0240 00005C (v02 VBOX   VBOXAPIC 00000001 ASL  00000061)
[    0.000000] ACPI: SSDT 0x000000003FFF02A0 000045 (v01 VBOX   VBOXCPUT 00000002 VBOX 000299F4)
[    0.000000] ACPI: Reserving FACP table memory at [mem 0x3fff00f0-0x3fff01e3]
[    0.000000] ACPI: Reserving DSDT table memory at [mem 0x3fff02f0-0x3fff2642]
[    0.000000] ACPI: Reserving FACS table memory at [mem 0x3fff0200-0x3fff023f]
[    0.000000] ACPI: Reserving FACS table memory at [mem 0x3fff0200-0x3fff023f]
[    0.000000] ACPI: Reserving APIC table memory at [mem 0x3fff0240-0x3fff029b]
[    0.000000] ACPI: Reserving SSDT table memory at [mem 0x3fff02a0-0x3fff02e4]
[    0.000000] No NUMA configuration found
[    0.000000] Faking a node at [mem 0x0000000000000000-0x000000003ffeffff]
[    0.000000] NODE_DATA(0) allocated [mem 0x3ffc5000-0x3ffeffff]
[    0.000000] kvm-clock: cpu 0, msr 0:3ff44001, primary cpu clock
[    0.000000] kvm-clock: Using msrs 4b564d01 and 4b564d00
[    0.000000] kvm-clock: using sched offset of 3845210938 cycles
[    0.000000] clocksource: kvm-clock: mask: 0xffffffffffffffff max_cycles: 0x1cd42e4dffb, max_idle_ns: 881590591483 ns
[    0.000000] Zone ranges:
[    0.000000]   DMA      [mem 0x0000000000001000-0x0000000000ffffff]
[    0.000000]   DMA32    [mem 0x0000000001000000-0x000000003ffeffff]
[    0.000000]   Normal   empty
[    0.000000]   Device   empty
[    0.000000] Movable zone start for each node
[    0.000000] Early memory node ranges
[    0.000000]   node   0: [mem 0x0000000000001000-0x000000000009efff]
[    0.000000]   node   0: [mem 0x0000000000100000-0x000000003ffeffff]
[    0.000000] Reserved but unavailable: 104 pages
[    0.000000] Initmem setup node 0 [mem 0x0000000000001000-0x000000003ffeffff]
[    0.000000] ACPI: PM-Timer IO Port: 0x4008
[    0.000000] IOAPIC[0]: apic_id 2, version 32, address 0xfec00000, GSI 0-23
[    0.000000] ACPI: INT_SRC_OVR (bus 0 bus_irq 0 global_irq 2 dfl dfl)
[    0.000000] ACPI: INT_SRC_OVR (bus 0 bus_irq 9 global_irq 9 low level)
[    0.000000] Using ACPI (MADT) for SMP configuration information
[    0.000000] smpboot: Allowing 2 CPUs, 0 hotplug CPUs
[    0.000000] PM: Registered nosave memory: [mem 0x00000000-0x00000fff]
[    0.000000] PM: Registered nosave memory: [mem 0x0009f000-0x0009ffff]
[    0.000000] PM: Registered nosave memory: [mem 0x000a0000-0x000effff]
[    0.000000] PM: Registered nosave memory: [mem 0x000f0000-0x000fffff]
[    0.000000] e820: [mem 0x40000000-0xfebfffff] available for PCI devices
[    0.000000] Booting paravirtualized kernel on KVM
[    0.000000] clocksource: refined-jiffies: mask: 0xffffffff max_cycles: 0xffffffff, max_idle_ns: 7645519600211568 ns
[    0.000000] setup_percpu: NR_CPUS:8192 nr_cpumask_bits:2 nr_cpu_ids:2 nr_node_ids:1
[    0.000000] percpu: Embedded 50 pages/cpu s167936 r8192 d28672 u1048576
[    0.000000] PV qspinlock hash table entries: 256 (order: 0, 4096 bytes)
[    0.000000] Built 1 zonelists, mobility grouping on.  Total pages: 257913
[    0.000000] Policy zone: DMA32
[    0.000000] Kernel command line: BOOT_IMAGE=/boot/vmlinuz-4.15.0-212-generic root=LABEL=cloudimg-rootfs ro console=tty1 console=ttyS0
[    0.000000] Memory: 982644K/1048120K available (12300K kernel code, 2477K rwdata, 4324K rodata, 2480K init, 2720K bss, 65476K reserved, 0K cma-reserved)
[    0.000000] SLUB: HWalign=64, Order=0-3, MinObjects=0, CPUs=2, Nodes=1
[    0.000000] ftrace: allocating 39508 entries in 155 pages
[    0.004000] Hierarchical RCU implementation.
[    0.004000] 	RCU restricting CPUs from NR_CPUS=8192 to nr_cpu_ids=2.
[    0.004000] 	Tasks RCU enabled.
[    0.004000] RCU: Adjusting geometry for rcu_fanout_leaf=16, nr_cpu_ids=2
[    0.004000] NR_IRQS: 524544, nr_irqs: 440, preallocated irqs: 16
[    0.004000] random: crng init done
[    0.004000] Console: colour VGA+ 80x25
[    0.004000] console [tty1] enabled
[    0.004000] console [ttyS0] enabled
[    0.004000] ACPI: Core revision 20170831
[    0.004000] ACPI: 2 ACPI AML tables successfully acquired and loaded
[    0.004000] APIC: Switch to symmetric I/O mode setup
[    0.004000] ..TIMER: vector=0x30 apic1=0 pin1=2 apic2=-1 pin2=-1
[    0.004005] tsc: Detected 2496.008 MHz processor
[    0.008008] Calibrating delay loop (skipped) preset value.. 4992.01 BogoMIPS (lpj=9984032)
[    0.012004] pid_max: default: 32768 minimum: 301
[    0.016103] Security Framework initialized
[    0.020006] Yama: becoming mindful.
[    0.024098] AppArmor: AppArmor initialized
[    0.032934] Dentry cache hash table entries: 131072 (order: 8, 1048576 bytes)
[    0.037883] Inode-cache hash table entries: 65536 (order: 7, 524288 bytes)
[    0.040087] Mount-cache hash table entries: 2048 (order: 2, 16384 bytes)
[    0.044088] Mountpoint-cache hash table entries: 2048 (order: 2, 16384 bytes)
[    0.050018] Last level iTLB entries: 4KB 64, 2MB 8, 4MB 8
[    0.052005] Last level dTLB entries: 4KB 64, 2MB 0, 4MB 0, 1GB 4
[    0.056007] Spectre V1 : Mitigation: usercopy/swapgs barriers and __user pointer sanitization
[    0.060006] Spectre V2 : Mitigation: Enhanced IBRS
[    0.064002] Spectre V2 : Spectre v2 / SpectreRSB mitigation: Filling RSB on context switch
[    0.068004] Spectre V2 : Spectre v2 / PBRSB-eIBRS: Retire a single CALL on VMEXIT
[    0.072005] RETBleed: Mitigation: Enhanced IBRS
[    0.076005] Speculative Store Bypass: Vulnerable
[    0.080056] MMIO Stale Data: Vulnerable: Clear CPU buffers attempted, no microcode
[    0.084006] SRBDS: Unknown: Dependent on hypervisor status
[    0.088212] Freeing SMP alternatives memory: 36K
[    0.211817] APIC calibration not consistent with PM-Timer: 102ms instead of 100ms
[    0.212000] APIC delta adjusted to PM-Timer: 6357862 (6486226)
[    0.212649] smpboot: CPU0: Intel(R) Core(TM) i5-10300H CPU @ 2.50GHz (family: 0x6, model: 0xa5, stepping: 0x2)
[    0.220434] Performance Events: unsupported p6 CPU model 165 no PMU driver, software events only.
[    0.224132] Hierarchical SRCU implementation.
[    0.232200] NMI watchdog: Perf event create on CPU 0 failed with -2
[    0.236003] NMI watchdog: Perf NMI watchdog permanently disabled
[    0.240340] smp: Bringing up secondary CPUs ...
[    0.245118] x86: Booting SMP configuration:
[    0.248002] .... node  #0, CPUs:      #1
[    0.004000] kvm-clock: cpu 1, msr 0:3ff44041, secondary cpu clock
[    0.260131] smp: Brought up 1 node, 2 CPUs
[    0.264007] smpboot: Max logical packages: 1
[    0.267691] smpboot: Total of 2 processors activated (9984.03 BogoMIPS)
[    0.269339] devtmpfs: initialized
[    0.272108] x86/mm: Memory block size: 128MB
[    0.276394] evm: security.selinux
[    0.278932] evm: security.SMACK64
[    0.280004] evm: security.SMACK64EXEC
[    0.284002] evm: security.SMACK64TRANSMUTE
[    0.288002] evm: security.SMACK64MMAP
[    0.290811] evm: security.apparmor
[    0.292003] evm: security.ima
[    0.294229] evm: security.capability
[    0.296388] clocksource: jiffies: mask: 0xffffffff max_cycles: 0xffffffff, max_idle_ns: 7645041785100000 ns
[    0.300106] futex hash table entries: 512 (order: 3, 32768 bytes)
[    0.304229] pinctrl core: initialized pinctrl subsystem
[    0.308489] RTC time:  9:38:04, date: 11/26/25
[    0.313139] NET: Registered protocol family 16
[    0.316125] audit: initializing netlink subsys (disabled)
[    0.320194] audit: type=2000 audit(1764149889.119:1): state=initialized audit_enabled=0 res=1
[    0.332067] cpuidle: using governor ladder
[    0.336008] cpuidle: using governor menu
[    0.338945] ACPI: bus type PCI registered
[    0.340003] acpiphp: ACPI Hot Plug PCI Controller Driver version: 0.5
[    0.344521] PCI: Using configuration type 1 for base access
[    0.352550] HugeTLB registered 2.00 MiB page size, pre-allocated 0 pages
[    0.360469] ACPI: Added _OSI(Module Device)
[    0.364008] ACPI: Added _OSI(Processor Device)
[    0.368003] ACPI: Added _OSI(3.0 _SCP Extensions)
[    0.372003] ACPI: Added _OSI(Processor Aggregator Device)
[    0.376015] ACPI: Added _OSI(Linux-Dell-Video)
[    0.379172] ACPI: Added _OSI(Linux-Lenovo-NV-HDMI-Audio)
[    0.380006] ACPI: Added _OSI(Linux-HPI-Hybrid-Graphics)
[    0.384735] ACPI: Executed 1 blocks of module-level executable AML code
[    0.392784] ACPI: Interpreter enabled
[    0.396012] ACPI: (supports S0 S5)
[    0.398769] ACPI: Using IOAPIC for interrupt routing
[    0.400383] PCI: Using host bridge windows from ACPI; if necessary, use "pci=nocrs" and report a bug
[    0.408205] ACPI: Enabled 2 GPEs in block 00 to 07
[    0.420000] ACPI: PCI Root Bridge [PCI0] (domain 0000 [bus 00-ff])
[    0.420011] acpi PNP0A03:00: _OSC: OS supports [ASPM ClockPM Segments MSI]
[    0.424519] acpi PNP0A03:00: _OSC: not requesting OS control; OS requires [ExtendedConfig ASPM ClockPM MSI]
[    0.428016] acpi PNP0A03:00: fail to add MMCONFIG information, can't access extended PCI configuration space under this bridge.
[    0.436646] PCI host bridge to bus 0000:00
[    0.440000] pci_bus 0000:00: root bus resource [io  0x0000-0x0cf7 window]
[    0.440006] pci_bus 0000:00: root bus resource [io  0x0d00-0xffff window]
[    0.444006] pci_bus 0000:00: root bus resource [mem 0x000a0000-0x000bffff window]
[    0.448006] pci_bus 0000:00: root bus resource [mem 0x40000000-0xfdffffff window]
[    0.452007] pci_bus 0000:00: root bus resource [bus 00-ff]
[    0.461426] pci 0000:00:01.1: legacy IDE quirk: reg 0x10: [io  0x01f0-0x01f7]
[    0.464005] pci 0000:00:01.1: legacy IDE quirk: reg 0x14: [io  0x03f6]
[    0.468005] pci 0000:00:01.1: legacy IDE quirk: reg 0x18: [io  0x0170-0x0177]
[    0.472006] pci 0000:00:01.1: legacy IDE quirk: reg 0x1c: [io  0x0376]
[    0.497089] pci 0000:00:07.0: quirk: [io  0x4000-0x403f] claimed by PIIX4 ACPI
[    0.500036] pci 0000:00:07.0: quirk: [io  0x4100-0x410f] claimed by PIIX4 SMB
[    0.510429] ACPI: PCI Interrupt Link [LNKA] (IRQs 5 9 10 *11)
[    0.516530] ACPI: PCI Interrupt Link [LNKB] (IRQs 5 9 *10 11)
[    0.520208] ACPI: PCI Interrupt Link [LNKC] (IRQs 5 *9 10 11)
[    0.524212] ACPI: PCI Interrupt Link [LNKD] (IRQs 5 9 10 *11)
[    0.528767] SCSI subsystem initialized
[    0.536040] pci 0000:00:02.0: vgaarb: setting as boot VGA device
[    0.540000] pci 0000:00:02.0: vgaarb: VGA device added: decodes=io+mem,owns=io+mem,locks=none
[    0.540007] pci 0000:00:02.0: vgaarb: bridge control possible
[    0.544004] vgaarb: loaded
[    0.548147] ACPI: bus type USB registered
[    0.552022] usbcore: registered new interface driver usbfs
[    0.556054] usbcore: registered new interface driver hub
[    0.560014] usbcore: registered new device driver usb
[    0.564287] EDAC MC: Ver: 3.0.0
[    0.568778] PCI: Using ACPI for IRQ routing
[    0.572629] NetLabel: Initializing
[    0.576003] NetLabel:  domain hash size = 128
[    0.580002] NetLabel:  protocols = UNLABELED CIPSOv4 CALIPSO
[    0.584020] NetLabel:  unlabeled traffic allowed by default
[    0.588210] clocksource: Switched to clocksource kvm-clock
[    0.596914] VFS: Disk quotas dquot_6.6.0
[    0.596914] VFS: Dquot-cache hash table entries: 512 (order 0, 4096 bytes)
[    0.596914] AppArmor: AppArmor Filesystem Enabled
[    0.596914] pnp: PnP ACPI init
[    0.596914] pnp: PnP ACPI: found 3 devices
[    0.696349] clocksource: acpi_pm: mask: 0xffffff max_cycles: 0xffffff, max_idle_ns: 2085701024 ns
[    0.700287] NET: Registered protocol family 2
[    0.700287] IP idents hash table entries: 16384 (order: 5, 131072 bytes)
[    0.700287] TCP established hash table entries: 8192 (order: 4, 65536 bytes)
[    0.719124] TCP bind hash table entries: 8192 (order: 5, 131072 bytes)
[    0.724503] TCP: Hash tables configured (established 8192 bind 8192)
[    0.728031] UDP hash table entries: 512 (order: 2, 16384 bytes)
[    0.728031] UDP-Lite hash table entries: 512 (order: 2, 16384 bytes)
[    0.728031] NET: Registered protocol family 1
[    0.728031] pci 0000:00:00.0: Limiting direct PCI/PCI transfers
[    0.728031] pci 0000:00:01.0: Activating ISA DMA hang workarounds
[    0.728031] pci 0000:00:02.0: Video device with shadowed ROM at [mem 0x000c0000-0x000dffff]
[    0.728031] Unpacking initramfs...
[    0.728031] Freeing initrd memory: 19528K
[    0.728031] clocksource: tsc: mask: 0xffffffffffffffff max_cycles: 0x23fa7ec29e6, max_idle_ns: 440795214074 ns
[    0.728031] platform rtc_cmos: registered platform RTC device (no PNP device found)
[    0.728031] Scanning for low memory corruption every 60 seconds
[    1.239887] Initialise system trusted keyrings
[    1.244061] Key type blacklist registered
[    1.249551] workingset: timestamp_bits=36 max_order=18 bucket_order=0
[    1.258344] zbud: loaded
[    1.261839] squashfs: version 4.0 (2009/01/31) Phillip Lougher
[    1.269906] fuse init (API version 7.26)
[    1.322200] Key type asymmetric registered
[    1.326655] Asymmetric key parser 'x509' registered
[    1.331779] Block layer SCSI generic (bsg) driver version 0.4 loaded (major 246)
[    1.341267] io scheduler noop registered
[    1.344423] io scheduler deadline registered
[    1.350544] io scheduler cfq registered (default)
[    1.356829] ACPI: AC Adapter [AC] (on-line)
[    1.360878] input: Power Button as /devices/LNXSYSTM:00/LNXPWRBN:00/input/input0
[    1.368273] ACPI: Power Button [PWRF]
[    1.371660] input: Sleep Button as /devices/LNXSYSTM:00/LNXSLPBN:00/input/input1
[    1.378600] ACPI: Sleep Button [SLPF]
[    1.383711] Serial: 8250/16550 driver, 32 ports, IRQ sharing enabled
[    1.385027] ACPI: Battery Slot [BAT0] (battery present)
[    1.418755] 00:02: ttyS0 at I/O 0x3f8 (irq = 4, base_baud = 115200) is a 16550A
[    1.422073] Linux agpgart interface v0.103
[    1.443068] loop: module loaded
[    1.449777] scsi host0: ata_piix
[    1.455112] scsi host1: ata_piix
[    1.458886] ata1: PATA max UDMA/33 cmd 0x1f0 ctl 0x3f6 bmdma 0xd000 irq 14
[    1.464977] ata2: PATA max UDMA/33 cmd 0x170 ctl 0x376 bmdma 0xd008 irq 15
[    1.472008] tun: Universal TUN/TAP device driver, 1.6
[    1.477035] PPP generic driver version 2.4.2
[    1.480907] ehci_hcd: USB 2.0 'Enhanced' Host Controller (EHCI) Driver
[    1.484770] ehci-pci: EHCI PCI platform driver
[    1.484770] ehci-platform: EHCI generic platform driver
[    1.484770] ohci_hcd: USB 1.1 'Open' Host Controller (OHCI) Driver
[    1.484770] ohci-pci: OHCI PCI platform driver
[    1.484770] ohci-platform: OHCI generic platform driver
[    1.484770] uhci_hcd: USB Universal Host Controller Interface driver
[    1.484770] i8042: PNP: PS/2 Controller [PNP0303:PS2K,PNP0f03:PS2M] at 0x60,0x64 irq 1,12
[    1.484770] serio: i8042 KBD port at 0x60,0x64 irq 1
[    1.484770] serio: i8042 AUX port at 0x60,0x64 irq 12
[    1.484770] mousedev: PS/2 mouse device common for all mice
[    1.534977] rtc_cmos rtc_cmos: rtc core: registered rtc_cmos as rtc0
[    1.540817] rtc_cmos rtc_cmos: alarms up to one day, 114 bytes nvram
[    1.546063] i2c /dev entries driver
[    1.551326] device-mapper: uevent: version 1.0.3
[    1.557456] device-mapper: ioctl: 4.37.0-ioctl (2017-09-20) initialised: dm-devel@redhat.com
[    1.566179] ledtrig-cpu: registered to indicate activity on CPUs
[    1.566290] input: AT Translated Set 2 keyboard as /devices/platform/i8042/serio0/input/input2
[    1.581619] NET: Registered protocol family 10
[    1.595841] Segment Routing with IPv6
[    1.600149] NET: Registered protocol family 17
[    1.604552] Key type dns_resolver registered
[    1.609176] mce: Using 0 MCE banks
[    1.612286] RAS: Correctable Errors collector initialized.
[    1.617019] sched_clock: Marking stable (1616958361, 0)->(2353049541, -736091180)
[    1.628340] registered taskstats version 1
[    1.631934] Loading compiled-in X.509 certificates
[    1.692805] Loaded X.509 cert 'Build time autogenerated kernel key: b5b26778eaa3ab3a4a6cee031137706e947d12ad'
[    1.702440] Loaded X.509 cert 'Canonical Ltd. Live Patch Signing: 14df34d1a87cf37625abec039ef2bf521249b969'
[    1.710827] Loaded X.509 cert 'Canonical Ltd. Kernel Module Signing: 88f752e560a1e0737e31163a466ad7b70a850c19'
[    1.719334] blacklist: Loading compiled-in revocation X.509 certificates
[    1.724525] Loaded X.509 cert 'Canonical Ltd. Secure Boot Signing: 61482aa2830d0ab2ad5af10b7250da9033ddcef0'
[    1.732123] Loaded X.509 cert 'Canonical Ltd. Secure Boot Signing (2017): 242ade75ac4a15e50d50c84b0d45ff3eae707a03'
[    1.739660] Loaded X.509 cert 'Canonical Ltd. Secure Boot Signing (ESM 2018): 365188c1d374d6b07c3c8f240f8ef722433d6a8b'
[    1.747724] Loaded X.509 cert 'Canonical Ltd. Secure Boot Signing (2019): c0746fd6c5da3ae827864651ad66ae47fe24b3e8'
[    1.755877] Loaded X.509 cert 'Canonical Ltd. Secure Boot Signing (2021 v1): a8d54bbb3825cfb94fa13c9f8a594a195c107b8d'
[    1.764557] Loaded X.509 cert 'Canonical Ltd. Secure Boot Signing (2021 v2): 4cf046892d6fd3c9a5b03f98d845f90851dc6a8c'
[    1.773305] Loaded X.509 cert 'Canonical Ltd. Secure Boot Signing (2021 v3): 100437bb6de6e469b581e61cd66bce3ef4ed53af'
[    1.781064] Loaded X.509 cert 'Canonical Ltd. Secure Boot Signing (Ubuntu Core 2019): c1d57b8f6b743f23ee41f4f7ee292f06eecadfb9'
[    1.790630] zswap: loaded using pool lzo/zbud
[    1.805951] Key type big_key registered
[    1.808710] Key type trusted registered
[    1.815827] Key type encrypted registered
[    1.819328] AppArmor: AppArmor sha1 policy hashing enabled
[    1.823565] ima: No TPM chip found, activating TPM-bypass! (rc=-19)
[    1.828477] ima: Allocated hash algorithm: sha1
[    1.832404] evm: HMAC attrs: 0x1
[    1.835431]   Magic number: 1:520:627
[    1.839268] rtc_cmos rtc_cmos: setting system clock to 2025-11-26 09:38:06 UTC (1764149886)
[    1.847078] BIOS EDD facility v0.16 2004-Jun-25, 0 devices found
[    1.852385] EDD information not available.
[    1.858749] Freeing unused kernel image memory: 2480K
[    2.364840] Write protecting the kernel read-only data: 20480k
[    2.371880] Freeing unused kernel image memory: 2008K
[    2.377047] Freeing unused kernel image memory: 1820K
[    2.388687] x86/mm: Checked W+X mappings: passed, no W+X pages found.
Loading, please wait...
starting version 237
[    2.469959] Fusion MPT base driver 3.04.20
[    2.473610] Copyright (c) 1999-2008 LSI Corporation
[    2.481738] e1000: Intel(R) PRO/1000 Network Driver - version 7.3.21-k8-NAPI
[    2.487461] e1000: Copyright (c) 1999-2006 Intel Corporation.
[    2.522985] AVX2 version of gcm_enc/dec engaged.
[    2.527061] AES CTR mode by8 optimization enabled
[    2.539712] Fusion MPT SPI Host driver 3.04.20
[    2.780977] input: ImExPS/2 Generic Explorer Mouse as /devices/platform/i8042/serio1/input/input4
[    3.166038] e1000 0000:00:03.0 eth0: (PCI:33MHz:32-bit) 02:3b:7b:b7:3b:2d
[    3.171884] e1000 0000:00:03.0 eth0: Intel(R) PRO/1000 Network Connection
[    3.180497] e1000 0000:00:03.0 enp0s3: renamed from eth0
[    3.185521] mptbase: ioc0: Initiating bringup
[    3.318891] ioc0: LSI53C1030 A0: Capabilities={Initiator}
[    3.856187] scsi host2: ioc0: LSI53C1030 A0, FwRev=00000000h, Ports=1, MaxQ=256, IRQ=20
[    4.413656] scsi 2:0:0:0: Direct-Access     VBOX     HARDDISK         1.0  PQ: 0 ANSI: 5
[    4.526745] scsi target2:0:0: Beginning Domain Validation
[    4.536195] scsi target2:0:0: Domain Validation skipping write tests
[    4.541926] scsi target2:0:0: Ending Domain Validation
[    4.546310] scsi target2:0:0: asynchronous
[    4.552220] scsi 2:0:1:0: Direct-Access     VBOX     HARDDISK         1.0  PQ: 0 ANSI: 5
[    5.491277] scsi target2:0:1: Beginning Domain Validation
[    5.499619] scsi target2:0:1: Domain Validation skipping write tests
[    5.504497] scsi target2:0:1: Ending Domain Validation
[    5.509032] scsi target2:0:1: asynchronous
[    5.523418] sd 2:0:0:0: Attached scsi generic sg0 type 0
[    5.536380] sd 2:0:1:0: Attached scsi generic sg1 type 0
[    5.542787] sd 2:0:0:0: [sda] 83886080 512-byte logical blocks: (42.9 GB/40.0 GiB)
[    5.550179] sd 2:0:1:0: [sdb] 20480 512-byte logical blocks: (10.5 MB/10.0 MiB)
[    5.556803] sd 2:0:0:0: [sda] Write Protect is off
[    5.561407] sd 2:0:1:0: [sdb] Write Protect is off
[    5.561762] sd 2:0:0:0: [sda] Write cache: enabled, read cache: enabled, supports DPO and FUA
[    5.573846] sd 2:0:1:0: [sdb] Write cache: enabled, read cache: enabled, supports DPO and FUA
[    5.580418]  sda: sda1
[    5.588472] sd 2:0:0:0: [sda] Attached SCSI disk
[    5.597659] sd 2:0:1:0: [sdb] Attached SCSI disk
Begin: Loading essential drivers ... [    7.364045] raid6: sse2x1   gen() 12976 MB/s
[    7.416557] raid6: sse2x1   xor()  7525 MB/s
[    7.464547] raid6: sse2x2   gen() 16472 MB/s
[    7.512377] raid6: sse2x2   xor() 10331 MB/s
[    7.560486] raid6: sse2x4   gen() 16810 MB/s
[    7.612665] raid6: sse2x4   xor()  9810 MB/s
[    7.664798] raid6: avx2x1   gen() 22733 MB/s
[    7.716701] raid6: avx2x1   xor() 15595 MB/s
[    7.768465] raid6: avx2x2   gen() 31872 MB/s
[    7.816101] raid6: avx2x2   xor() 20546 MB/s
[    7.864509] raid6: avx2x4   gen() 33377 MB/s
[    7.916416] raid6: avx2x4   xor() 19792 MB/s
[    7.921107] raid6: using algorithm avx2x4 gen() 33377 MB/s
[    7.926468] raid6: .... xor() 19792 MB/s, rmw enabled
[    7.931188] raid6: using avx2x2 recovery algorithm
[    7.938327] xor: automatically using best checksumming function   avx       
[    7.947352] async_tx: api initialized (async)
done.
Begin: Running /scripts/init-premount ... done.
Begin: Mounting root file system ... Begin: Running /scripts/local-top ... done.
Begin: Running /scripts/local-premount ... [    8.015540] Btrfs loaded, crc32c=crc32c-intel
Scanning for Btrfs filesystems
done.
Warning: fsck not present, so skipping root file system
[    8.071413] EXT4-fs (sda1): mounted filesystem with ordered data mode. Opts: (null)
done.
Begin: Running /scripts/local-bottom ... done.
Begin: Running /scripts/init-bottom ... done.
[    8.272144] ip_tables: (C) 2000-2006 Netfilter Core Team
[    8.292599] systemd[1]: systemd 237 running in system mode. (+PAM +AUDIT +SELINUX +IMA +APPARMOR +SMACK +SYSVINIT +UTMP +LIBCRYPTSETUP +GCRYPT +GNUTLS +ACL +XZ +LZ4 +SECCOMP +BLKID +ELFUTILS +KMOD -IDN2 +IDN -PCRE2 default-hierarchy=hybrid)
[    8.309332] systemd[1]: Detected virtualization oracle.
[    8.313816] systemd[1]: Detected architecture x86-64.

Welcome to [1mUbuntu 18.04.6 LTS[0m!

[    8.350455] systemd[1]: Set hostname to <ubuntu>.
[    8.360616] systemd[1]: Initializing machine ID from random generator.
[    8.365353] systemd[1]: Installed transient /etc/machine-id file.
[    8.686995] systemd[1]: Reached target System Time Synchronized.
[[0;32m  OK  [0m] Reached target System Time Synchronized.
[    8.693332] systemd[1]: Reached target User and Group Name Lookups.
[[0;32m  OK  [0m] Reached target User and Group Name Lookups.
[    8.700308] systemd[1]: Started Forward Password Requests to Wall Directory Watch.
[[0;32m  OK  [0m] Started Forward Password Requests to Wall Directory Watch.
[    8.719716] systemd[1]: Created slice System Slice.
[[0;32m  OK  [0m] Created slice System Slice.
[[0;32m  OK  [0m] Listening on /dev/initctl Compatibility Named Pipe.
[[0;32m  OK  [0m] Listening on fsck to fsckd communication Socket.
[[0;32m  OK  [0m] Listening on Syslog Socket.
[[0;32m  OK  [0m] Listening on Journal Socket.
         Mounting Huge Pages File System...
         Starting Create list of required st…ce nodes for the current kernel...
         Starting Set the console keyboard layout...
[[0;32m  OK  [0m] Listening on udev Control Socket.
         Starting File System Check on Root Device...
         Mounting Kernel Debug File System...
[[0;32m  OK  [0m] Listening on LVM2 metadata daemon socket.
         Starting Uncomplicated firewall...
[[0;32m  OK  [0m] Listening on LVM2 poll daemon socket.
         Mounting POSIX Message Queue File System...
[[0;32m  OK  [0m] Listening on Journal Audit Socket.
[[0;32m  OK  [0m] Created slice system-serial\x2dgetty.slice.
[[0;32m  OK  [0m] Listening on Network Service Netlink Socket.
[[0;32m  OK  [0m] Listening on Device-mapper event daemon FIFOs.
         Starting Monitoring of LVM2 mirrors…ng dmeventd or progress polling...
[[0;32m  OK  [0m] Listening on udev Kernel Socket.
         Starting udev Coldplug all Devices...
[[0;32m  OK  [0m] Reached target Swap.
         Starting Load Kernel Modules...
[[0;32m  OK  [0m] Reached target Mounting snaps.
[[0;32m  OK  [0m] Reached target Mounted snaps.
[[0;32m  OK  [0m] Created slice User and Session Slice.
[[0;32m  OK  [0m] Reached target Slices.
[[0;32m  OK  [0m] Set up automount Arbitrary Executab…rmats File System Automount Point.
[    8.861908] Loading iSCSI transport class v2.0-870.
[    8.873197] iscsi: registered transport (tcp)
[[0;32m  OK  [0m] Listening on Journal Socket (/dev/log).
         Starting Journal Service...
[[0;32m  OK  [0m] Mounted Huge Pages File System.
[[0;32m  OK  [0m] Started Create list of required sta…vice nodes for the current kernel.
[[0;32m  OK  [0m] Started File System Check on Root Device.
[[0;32m  OK  [0m] Mounted Kernel Debug File System.
[[0;32m  OK  [0m] Started Uncomplicated firewall.
[[0;32m  OK  [0m] Mounted POSIX Message Queue File System.
[[0;32m  OK  [0m] Started LVM2 metadata daemon.
[[0;32m  OK  [0m] Started File System Check Daemon to report status.
         Starting Remount Root and Kernel File Systems...
         Starting Create Static Device Nodes in /dev...
[    8.967347] EXT4-fs (sda1): re-mounted. Opts: (null)
[[0;32m  OK  [0m] Started udev Coldplug all Devices.
[[0;32m  OK  [0m] Started Remount Root and Kernel File Systems.
         Starting Load/Save Random Seed...
[[0;32m  OK  [0m] Started Journal Service.
[[0;32m  OK  [0m] Started Monitoring of LVM2 mirrors,…sing dmeventd or progress polling.
         Starting Flush Journal to Persistent Storage...
[    9.035355] iscsi: registered transport (iser)
[[0;32m  OK  [0m] Started Load Kernel Modules.
         Mounting Kernel Configuration File System...
         Starting Apply Kernel Variables...
         Mounting FUSE Control File System...
[[0;32m  OK  [0m] Mounted Kernel Configuration File System.
[[0;32m  OK  [0m] Mounted FUSE Control File System.
[    9.093359] systemd-journald[428]: Received request to flush runtime journal from PID 1
[[0;32m  OK  [0m] Started Create Static Device Nodes in /dev.
         Starting udev Kernel Device Manager...
[[0;32m  OK  [0m] Started Load/Save Random Seed.
[[0;32m  OK  [0m] Started Apply Kernel Variables.
[[0;32m  OK  [0m] Started Flush Journal to Persistent Storage.
[[0;32m  OK  [0m] Started udev Kernel Device Manager.
[[0;32m  OK  [0m] Found device /dev/ttyS0.
[[0;32m  OK  [0m] Listening on Load/Save RF Kill Switch Status /dev/rfkill Watch.
[[0;32m  OK  [0m] Started Set the console keyboard layout.
[[0;32m  OK  [0m] Started Dispatch Password Requests to Console Directory Watch.
[[0;32m  OK  [0m] Reached target Local Encrypted Volumes.
[[0;32m  OK  [0m] Reached target Local File Systems (Pre).
[[0;32m  OK  [0m] Reached target Local File Systems.
         Starting Create Volatile Files and Directories...
         Starting ebtables ruleset management...
         Starting AppArmor initialization...
         Starting Commit a transient machine-id on disk...
         Starting Set console font and keymap...
         Starting Tell Plymouth To Write Out Runtime Data...
[[0;32m  OK  [0m] Started Tell Plymouth To Write Out Runtime Data.
[[0;32m  OK  [0m] Started Create Volatile Files and Directories.
         Starting Update UTMP about System Boot/Shutdown...
[[0;32m  OK  [0m] Started Update UTMP about System Boot/Shutdown.
[[0;32m  OK  [0m] Started Commit a transient machine-id on disk.
[[0;32m  OK  [0m] Started ebtables ruleset management.
         Mounting Arbitrary Executable File Formats File System...
[[0;32m  OK  [0m] Mounted Arbitrary Executable File Formats File System.
[[0;32m  OK  [0m] Started AppArmor initialization.
         Starting Load AppArmor profiles managed internally by snapd...
         Starting Initial cloud-init job (pre-networking)...
[[0;32m  OK  [0m] Started Load AppArmor profiles managed internally by snapd.
[[0;32m  OK  [0m] Started Set console font and keymap.
[   12.818647] cloud-init[780]: Cloud-init v. 23.1.2-0ubuntu0~18.04.1 running 'init-local' at Wed, 26 Nov 2025 09:38:17 +0000. Up 12.47 seconds.
[[0;32m  OK  [0m] Started Initial cloud-init job (pre-networking).
[[0;32m  OK  [0m] Reached target Network (Pre).
         Starting Network Service...
[[0;32m  OK  [0m] Started Network Service.
         Starting Wait for Network to be Configured...
         Starting Network Name Resolution...
[[0;32m  OK  [0m] Started Network Name Resolution.
[[0;32m  OK  [0m] Reached target Host and Network Name Lookups.
[[0;32m  OK  [0m] Reached target Network.
[[0;32m  OK  [0m] Started Wait for Network to be Configured.
         Starting Initial cloud-init job (metadata service crawler)...
[   15.301232] cloud-init[939]: Cloud-init v. 23.1.2-0ubuntu0~18.04.1 running 'init' at Wed, 26 Nov 2025 09:38:19 +0000. Up 15.19 seconds.
[   15.305579] cloud-init[939]: ci-info: +++++++++++++++++++++++++++++++++++++++++++Net device info++++++++++++++++++++++++++++++++++++++++++++
[   15.309711] cloud-init[939]: ci-info: +--------+------+---------------------------------------+---------------+--------+-------------------+
[   15.313664] cloud-init[939]: ci-info: | Device |  Up  |                Address                |      Mask     | Scope  |     Hw-Address    |
[   15.317775] cloud-init[939]: ci-info: +--------+------+---------------------------------------+---------------+--------+-------------------+
[   15.321779] cloud-init[939]: ci-info: | enp0s3 | True |               10.0.2.15               | 255.255.255.0 | global | 02:3b:7b:b7:3b:2d |
[   15.325827] cloud-init[939]: ci-info: | enp0s3 | True | fd17:625c:f037:2:3b:7bff:feb7:3b2d/64 |       .       | global | 02:3b:7b:b7:3b:2d |
[   15.329995] cloud-init[939]: ci-info: | enp0s3 | True |       fe80::3b:7bff:feb7:3b2d/64      |       .       |  link  | 02:3b:7b:b7:3b:2d |
[   15.334286] cloud-init[939]: ci-info: |   lo   | True |               127.0.0.1               |   255.0.0.0   |  host  |         .         |
[   15.338384] cloud-init[939]: ci-info: |   lo   | True |                ::1/128                |       .       |  host  |         .         |
[   15.342219] cloud-init[939]: ci-info: +--------+------+---------------------------------------+---------------+--------+-------------------+
[   15.346477] cloud-init[939]: ci-info: ++++++++++++++++++++++++++++Route IPv4 info+++++++++++++++++++++++++++++
[   15.349236] cloud-init[939]: ci-info: +-------+-------------+----------+-----------------+-----------+-------+
[   15.352533] cloud-init[939]: ci-info: | Route | Destination | Gateway  |     Genmask     | Interface | Flags |
[   15.355747] cloud-init[939]: ci-info: +-------+-------------+----------+-----------------+-----------+-------+
[   15.359457] cloud-init[939]: ci-info: |   0   |   0.0.0.0   | 10.0.2.2 |     0.0.0.0     |   enp0s3  |   UG  |
[   15.362866] cloud-init[939]: ci-info: |   1   |   10.0.2.0  | 0.0.0.0  |  255.255.255.0  |   enp0s3  |   U   |
[   15.366321] cloud-init[939]: ci-info: |   2   |   10.0.2.2  | 0.0.0.0  | 255.255.255.255 |   enp0s3  |   UH  |
[   15.369674] cloud-init[939]: ci-info: +-------+-------------+----------+-----------------+-----------+-------+
[   15.373192] cloud-init[939]: ci-info: ++++++++++++++++++++++++Route IPv6 info++++++++++++++++++++++++
[   15.376242] cloud-init[939]: ci-info: +-------+-----------------------+---------+-----------+-------+
[   15.379404] cloud-init[939]: ci-info: | Route |      Destination      | Gateway | Interface | Flags |
[   15.382720] cloud-init[939]: ci-info: +-------+-----------------------+---------+-----------+-------+
[   15.385489] cloud-init[939]: ci-info: |   1   | fd17:625c:f037:2::/64 |    ::   |   enp0s3  |   U   |
[   15.388412] cloud-init[939]: ci-info: |   2   |       fe80::/64       |    ::   |   enp0s3  |   U   |
[   15.391050] cloud-init[939]: ci-info: |   3   |          ::/0         | fe80::2 |   enp0s3  |   UG  |
[   15.393798] cloud-init[939]: ci-info: |   5   |         local         |    ::   |   enp0s3  |   U   |
[   15.396531] cloud-init[939]: ci-info: |   6   |        ff00::/8       |    ::   |   enp0s3  |   U   |
[   15.399380] cloud-init[939]: ci-info: +-------+-----------------------+---------+-----------+-------+
[   16.437697] cloud-init[939]: Generating public/private rsa key pair.
[   16.440335] cloud-init[939]: Your identification has been saved in /etc/ssh/ssh_host_rsa_key.
[   16.443614] cloud-init[939]: Your public key has been saved in /etc/ssh/ssh_host_rsa_key.pub.
[   16.446258] cloud-init[939]: The key fingerprint is:
[   16.447584] cloud-init[939]: SHA256:I5vNns2Pj6VbXw1HYgnAFgnW6BJ/ACzYfqjN5FSBp3c root@ubuntu-bionic
[   16.450211] cloud-init[939]: The key's randomart image is:
[   16.451689] cloud-init[939]: +---[RSA 2048]----+
[   16.453223] cloud-init[939]: |   o oooo=o+.    |
[   16.454996] cloud-init[939]: |  . + =.o =  . . |
[   16.468423] cloud-init[939]: |   . * + o    + .|
[   16.470209] cloud-init[939]: |    * + E .  . o |
[   16.472604] cloud-init[939]: |   B o.oS.    . .|
[   16.474184] cloud-init[939]: |  . +  * .     o.|
[   16.475603] cloud-init[939]: |      o o   o   o|
[   16.476971] cloud-init[939]: |       . + * . . |
[   16.478292] cloud-init[939]: |        o B+o .  |
[   16.479716] cloud-init[939]: +----[SHA256]-----+
[   16.481141] cloud-init[939]: Generating public/private dsa key pair.
[   16.483040] cloud-init[939]: Your identification has been saved in /etc/ssh/ssh_host_dsa_key.
[   16.485824] cloud-init[939]: Your public key has been saved in /etc/ssh/ssh_host_dsa_key.pub.
[   16.488376] cloud-init[939]: The key fingerprint is:
[   16.489851] cloud-init[939]: SHA256:YQhnw4+lwIde9ejGOOttMqtmuqm9R0Ud22NG8qDNKAU root@ubuntu-bionic
[   16.492751] cloud-init[939]: The key's randomart image is:
[   16.494377] cloud-init[939]: +---[DSA 1024]----+
[   16.495922] cloud-init[939]: |   .E+=o=..      |
[   16.497426] cloud-init[939]: |    +==BoX       |
[   16.498902] cloud-init[939]: |   ..=+=B B      |
[   16.500498] cloud-init[939]: |    ..+=.+ .     |
[   16.501928] cloud-init[939]: |     .o S        |
[   16.503345] cloud-init[939]: |    .  +         |
[   16.505005] cloud-init[939]: |   .  .          |
[   16.506411] cloud-init[939]: | . .+.o..        |
[   16.507827] cloud-init[939]: |..*B..o=.        |
[   16.509212] cloud-init[939]: +----[SHA256]-----+
[   16.510658] cloud-init[939]: Generating public/private ecdsa key pair.
[   16.513024] cloud-init[939]: Your identification has been saved in /etc/ssh/ssh_host_ecdsa_key.
[   16.515674] cloud-init[939]: Your public key has been saved in /etc/ssh/ssh_host_ecdsa_key.pub.
[   16.518285] cloud-init[939]: The key fingerprint is:
[   16.519819] cloud-init[939]: SHA256:taEQM+sGE/h0CEWDmvexIshtzsbAJZd21XA9a82F9XY root@ubuntu-bionic
[   16.522550] cloud-init[939]: The key's randomart image is:
[   16.524196] cloud-init[939]: +---[ECDSA 256]---+
[   16.525642] cloud-init[939]: |  .*=.+.o..   o. |
[   16.527199] cloud-init[939]: |  o oo.*.. o . ..|
[   16.528763] cloud-init[939]: | o o+.+   o = . E|
[   16.531978] cloud-init[939]: |o..=o= . o = o ..|
[   16.535731] cloud-init[939]: |+.*..oo S o      |
[   16.539695] cloud-init[939]: |o+.oo.           |
[   16.543780] cloud-init[939]: | .*.             |
[   16.547843] cloud-init[[0;32m  OK  [0m] Started Initial cloud-init job (metadata service crawler).
[[0;32m  OK  [0m] Reached target Network is Online.
[939]: |   =             |
[   16.553269] cloud-init[939]: |  .              |
         Starting Availability of block devices...
[[0;32m  OK  [0m] Reached target Remote File Systems (Pre).
[[0;32m  OK  [0m] Reached target Remote File Systems.
[[0;32m  OK  [0m] Reached target Cloud-config availability.
[[0;32m  OK  [0m] Reached target System Initialization.
[[0;32m  OK  [0m] Started Daily apt download activities.
[[0;32m  OK  [0m] Listening on ACPID Listen Socket.
[[0;32m  OK  [0m] Started Ubuntu Advantage Timer for running repeated jobs.
[   16.574979] [[0;32m  OK  [0m] Listening on Open-iSCSI iscsid Socket.
[[0;32m  OK  [0m] Started Discard unused blocks once a week.
[[0;32m  OK  [0m] Listening on cloud-init hotplug hook socket.
[[0;32m  OK  [0m] Started Daily Cleanup of Temporary Directories.
[[0;32m  OK  [0m] Started ACPI Events Check.
[[0;32m  OK  [0m] Reached target Paths.
[[0;32m  OK  [0m] Listening on D-Bus System Message Bus Socket.
[[0;32m  OK  [0m] Started Message of the Day.
         Starting LXD - unix socket.
         Starting Socket activation for snappy daemon.
[[0;32m  OK  [0m] Listening on UUID daemon activation socket.
[[0;32m  OK  [0m] Started Daily apt upgrade and clean activities.
[[0;32m  OK  [0m] Reached target Timers.
[[0;32m  OK  [0m] Started Availability of block devices.
[[0;32m  OK  [0m] Listening on LXD - unix socket.
[[0;32m  OK  [0m] Listening on Socket activation for snappy daemon.
[[0;32m  OK  [0m] Reached target Sockets.
[[0;32m  OK  [0m] Reached target Basic System.
         Starting System Logging Service...
         Starting Pollinate to seed the pseudo random number generator...
cloud-init[939]: +----[SHA256]-----+
[   16.611829] cloud-init[939]: Generating public/private ed25519 key pair.         Starting Login Service...
         Starting Accounts Service...

[   16.635513] cloud-init[939]: Your identification has been saved in /etc/ssh/ssh_host_ed25519_key.
         Starting Dispatcher daemon for systemd-networkd...
[   16.643649] cloud-init[939]: Your public key has been saved in /etc/ssh/ssh_host_ed25519_key.pub.
[   16.653618] cloud-init[939]: The key fingerprint is:
[   16.659639] cloud-init[939]: SHA256:I6Y06XUrbDCJ+lgvM0lI5WV99VgUhM0PdaxNHfBBq+o root@ubuntu-bionic
[   16.669432] cloud-init[939]: The key's randomart image is:
[   16.671266] cloud-init[939]: +--[ED25519 256]--+
[   16.672920] cloud-init[939]: |      .   ..**=*+|
[   16.674413] cloud-init[939]: |   . o . . .++. B|
[   16.675966] cloud-init[939]: |  o o   .  . .o* |
[   16.677790] cloud-init[939]: | . o o        o..|
[   16.679473] cloud-init[939]: |... B + S    .   |
[   16.681080] cloud-init[939]: |...o O o o  .    |
[   16.682506] cloud-init[939]: |....o + .  .     |
[   16.683948] cloud-init[939]: | +=. . .  .      |
[   16.687230] cloud-init[939]: |. .+.      E     |
[   16.691349] cloud-init[939]: [[0;32m  OK  [0m] Started Regular background program processing daemon.
[[0;32m  OK  [0m] Started FUSE filesystem for LXC.
[[0;32m  OK  [0m] Started D-Bus System Message Bus.
+----[SHA256]-----+
         Starting Virtualbox guest utils...
[[0;32m  OK  [0m] Started irqbalance daemon.
         Starting LSB: Record successful boot for GRUB...
[[0;32m  OK  [0m] Started Deferred execution scheduler.
         Starting Permit User Sessions...
[[0;32m  OK  [0m] Reached target Login Prompts (Pre).
         Starting LXD - container startup/shutdown...
         Starting LSB: automatic crash report generation...
         Starting Snap Daemon...
[[0;32m  OK  [0m] Started System Logging Service.
[[0;32m  OK  [0m] Started Permit User Sessions.
[[0;32m  OK  [0m] Started Login Service.
[[0;32m  OK  [0m] Started LSB: automatic crash report generation.
         Starting Authorization Manager...
[[0;32m  OK  [0m] Started Unattended Upgrades Shutdown.
         Starting Hold until boot process finishes up...
         Starting Terminate Plymouth Boot Screen...
[[0;32m  OK  [0m] Started Hold until boot process finishes up.
         Starting Set console scheme...
[[0;32m  OK  [0m] Started Serial Getty on ttyS0.
[[0;32m  OK  [0m] Started Terminate Plymouth Boot Screen.
[[0;32m  OK  [0m] Started LSB: Record successful boot for GRUB.
[[0;32m  OK  [0m] Started Set console scheme.
[[0;32m  OK  [0m] Created slice system-getty.slice.
[[0;32m  OK  [0m] Started Getty on tty1.
[[0;32m  OK  [0m] Reached target Login Prompts.
[[0;32m  OK  [0m] Started Authorization Manager.
[[0;32m  OK  [0m] Started Accounts Service.
[[0;32m  OK  [0m] Started Dispatcher daemon for systemd-networkd.
[[0;32m  OK  [0m] Started Virtualbox guest utils.
[[0;32m  OK  [0m] Started LXD - container startup/shutdown.
[[0;32m  OK  [0m] Started Snap Daemon.
         Starting Wait until snapd is fully seeded...
         Starting Time & Date Service...
[[0;32m  OK  [0m] Started Time & Date Service.
[[0;32m  OK  [0m] Started Pollinate to seed the pseudo random number generator.
         Starting OpenBSD Secure Shell server...
[[0;32m  OK  [0m] Started OpenBSD Secure Shell server.
[[0;32m  OK  [0m] Created slice User Slice of vagrant.
         Starting User Manager for UID 1000...
[[0;32m  OK  [0m] Started Session 1 of user vagrant.
[[0;32m  OK  [0m] Started User Manager for UID 1000.
[   23.105677] cloud-init[1719]: Cloud-init v. 23.1.2-0ubuntu0~18.04.1 running 'modules:config' at Wed, 26 Nov 2025 09:38:27 +0000. Up 22.57 seconds.

Ubuntu 18.04.6 LTS ubuntu-bionic ttyS0

ubuntu-bionic login: ci-info: no authorized SSH keys fingerprints found for user ubuntu.
<14>Nov 26 09:38:28 cloud-init: #############################################################
<14>Nov 26 09:38:28 cloud-init: -----BEGIN SSH HOST KEY FINGERPRINTS-----
<14>Nov 26 09:38:28 cloud-init: 1024 SHA256:YQhnw4+lwIde9ejGOOttMqtmuqm9R0Ud22NG8qDNKAU root@ubuntu-bionic (DSA)
<14>Nov 26 09:38:28 cloud-init: 256 SHA256:taEQM+sGE/h0CEWDmvexIshtzsbAJZd21XA9a82F9XY root@ubuntu-bionic (ECDSA)
<14>Nov 26 09:38:28 cloud-init: 256 SHA256:I6Y06XUrbDCJ+lgvM0lI5WV99VgUhM0PdaxNHfBBq+o root@ubuntu-bionic (ED25519)
<14>Nov 26 09:38:28 cloud-init: 2048 SHA256:I5vNns2Pj6VbXw1HYgnAFgnW6BJ/ACzYfqjN5FSBp3c root@ubuntu-bionic (RSA)
<14>Nov 26 09:38:28 cloud-init: -----END SSH HOST KEY FINGERPRINTS-----
<14>Nov 26 09:38:28 cloud-init: #############################################################
-----BEGIN SSH HOST KEY KEYS-----
ecdsa-sha2-nistp256 AAAAE2VjZHNhLXNoYTItbmlzdHAyNTYAAAAIbmlzdHAyNTYAAABBBAwSSIbGZhkVKoKpjFOoK9pl+6CehEpG7puFJGP6mOpzI7OyEsber0aq/E8fUbvQIwulzp8HXoDgOOwD2/NjdoM= root@ubuntu-bionic
ssh-ed25519 AAAAC3NzaC1lZDI1NTE5AAAAIMN+q6BE+UYGiWcOfJEcp6YZSEG8aFgcyooxvHDD0dOT root@ubuntu-bionic
ssh-rsa AAAAB3NzaC1yc2EAAAADAQABAAABAQDCqphzHlsTE8psgyqtW0G8WqAMakMMmHiKwz+5/k8sPrl7+FAs8Bev3Xhj43BFV2w9bN5yg+ChmBQEwTZFJhz0EMWj9rcy/BdtDSAylEsVqInvIIyQIstC025EDfjylg8O+SOS5b+COLHZm0F9xu6GW2Zm7xB4J1oTPlNC2zT7vEO8KH4TJl4ZGyws4LKDNipNnHvLj06pQnxKbvvO7WK/Xq93DLKY61caMMoGr1WP2GSEqfF5C9+SkmkSufkBRBlo1ohF/NzDPwdiizfUDjfxsduvzrUEycUQQT1/0vlgOhAo7APe4cQ582is6NX0UScuSqHvGQJXOfUOUJBKkDC5 root@ubuntu-bionic
-----END SSH HOST KEY KEYS-----
[   23.817996] cloud-init[1862]: Cloud-init v. 23.1.2-0ubuntu0~18.04.1 running 'modules:final' at Wed, 26 Nov 2025 09:38:28 +0000. Up 23.60 seconds.
[   23.818095] cloud-init[1862]: Cloud-init v. 23.1.2-0ubuntu0~18.04.1 finished at Wed, 26 Nov 2025 09:38:28 +0000. Datasource DataSourceNoCloud [seed=/dev/sdb][dsmode=net].  Up 23.81 seconds
